{"C:\\Users\\Osman Pérez\\Desktop\\Gestion_de_tareas_TS\\src\\app.ts": {"path":"C:\\Users\\Osman Pérez\\Desktop\\Gestion_de_tareas_TS\\src\\app.ts","statementMap":{"0":{"start":{"line":1,"column":0},"end":{"line":1,"column":27}},"1":{"start":{"line":2,"column":0},"end":{"line":2,"column":37}},"2":{"start":{"line":5,"column":0},"end":{"line":5,"column":16}},"3":{"start":{"line":7,"column":15},"end":{"line":7,"column":27}},"4":{"start":{"line":8,"column":17},"end":{"line":8,"column":54}},"5":{"start":{"line":10,"column":0},"end":{"line":12,"column":null}},"6":{"start":{"line":11,"column":0},"end":{"line":11,"column":16}},"7":{"start":{"line":14,"column":0},"end":{"line":14,"column":22}}},"fnMap":{},"branchMap":{"0":{"loc":{"start":{"line":8,"column":17},"end":{"line":8,"column":54}},"type":"binary-expr","locations":[{"start":{"line":8,"column":17},"end":{"line":8,"column":37}},{"start":{"line":8,"column":41},"end":{"line":8,"column":54}}]},"1":{"loc":{"start":{"line":10,"column":0},"end":{"line":12,"column":null}},"type":"if","locations":[{"start":{"line":10,"column":0},"end":{"line":12,"column":null}}]}},"s":{"0":1,"1":1,"2":1,"3":1,"4":1,"5":1,"6":0,"7":1},"f":{},"b":{"0":[1,0],"1":[0]}}
,"C:\\Users\\Osman Pérez\\Desktop\\Gestion_de_tareas_TS\\src\\controller\\task.ts": {"path":"C:\\Users\\Osman Pérez\\Desktop\\Gestion_de_tareas_TS\\src\\controller\\task.ts","statementMap":{"0":{"start":{"line":2,"column":0},"end":{"line":2,"column":42}},"1":{"start":{"line":5,"column":24},"end":{"line":19,"column":null}},"2":{"start":{"line":5,"column":61},"end":{"line":19,"column":null}},"3":{"start":{"line":7,"column":18},"end":{"line":7,"column":36}},"4":{"start":{"line":8,"column":20},"end":{"line":8,"column":42}},"5":{"start":{"line":10,"column":8},"end":{"line":14,"column":null}},"6":{"start":{"line":11,"column":12},"end":{"line":13,"column":15}},"7":{"start":{"line":16,"column":8},"end":{"line":16,"column":38}},"8":{"start":{"line":5,"column":13},"end":{"line":5,"column":24}},"9":{"start":{"line":21,"column":23},"end":{"line":29,"column":null}},"10":{"start":{"line":21,"column":61},"end":{"line":29,"column":null}},"11":{"start":{"line":22,"column":19},"end":{"line":22,"column":29}},"12":{"start":{"line":24,"column":18},"end":{"line":24,"column":36}},"13":{"start":{"line":25,"column":20},"end":{"line":25,"column":43}},"14":{"start":{"line":27,"column":4},"end":{"line":27,"column":22}},"15":{"start":{"line":21,"column":13},"end":{"line":21,"column":23}},"16":{"start":{"line":31,"column":24},"end":{"line":42,"column":null}},"17":{"start":{"line":31,"column":62},"end":{"line":42,"column":null}},"18":{"start":{"line":32,"column":36},"end":{"line":32,"column":44}},"19":{"start":{"line":33,"column":24},"end":{"line":33,"column":61}},"20":{"start":{"line":35,"column":4},"end":{"line":35,"column":26}},"21":{"start":{"line":37,"column":4},"end":{"line":39,"column":7}},"22":{"start":{"line":31,"column":13},"end":{"line":31,"column":24}},"23":{"start":{"line":44,"column":23},"end":{"line":54,"column":null}},"24":{"start":{"line":44,"column":61},"end":{"line":54,"column":null}},"25":{"start":{"line":45,"column":44},"end":{"line":45,"column":52}},"26":{"start":{"line":46,"column":19},"end":{"line":46,"column":29}},"27":{"start":{"line":48,"column":19},"end":{"line":48,"column":64}},"28":{"start":{"line":49,"column":4},"end":{"line":49,"column":26}},"29":{"start":{"line":51,"column":4},"end":{"line":51,"column":49}},"30":{"start":{"line":44,"column":13},"end":{"line":44,"column":23}},"31":{"start":{"line":56,"column":26},"end":{"line":64,"column":null}},"32":{"start":{"line":56,"column":64},"end":{"line":64,"column":null}},"33":{"start":{"line":57,"column":19},"end":{"line":57,"column":29}},"34":{"start":{"line":59,"column":16},"end":{"line":59,"column":34}},"35":{"start":{"line":60,"column":4},"end":{"line":60,"column":23}},"36":{"start":{"line":63,"column":4},"end":{"line":63,"column":47}},"37":{"start":{"line":56,"column":13},"end":{"line":56,"column":26}}},"fnMap":{"0":{"name":"(anonymous_8)","decl":{"start":{"line":5,"column":24},"end":{"line":5,"column":31}},"loc":{"start":{"line":5,"column":61},"end":{"line":19,"column":null}}},"1":{"name":"(anonymous_9)","decl":{"start":{"line":5,"column":61},"end":{"line":5,"column":null}},"loc":{"start":{"line":5,"column":61},"end":{"line":19,"column":1}}},"2":{"name":"(anonymous_10)","decl":{"start":{"line":21,"column":23},"end":{"line":21,"column":30}},"loc":{"start":{"line":21,"column":61},"end":{"line":29,"column":null}}},"3":{"name":"(anonymous_11)","decl":{"start":{"line":21,"column":61},"end":{"line":21,"column":null}},"loc":{"start":{"line":21,"column":61},"end":{"line":29,"column":1}}},"4":{"name":"(anonymous_12)","decl":{"start":{"line":31,"column":24},"end":{"line":31,"column":31}},"loc":{"start":{"line":31,"column":62},"end":{"line":42,"column":null}}},"5":{"name":"(anonymous_13)","decl":{"start":{"line":31,"column":62},"end":{"line":31,"column":null}},"loc":{"start":{"line":31,"column":62},"end":{"line":42,"column":1}}},"6":{"name":"(anonymous_14)","decl":{"start":{"line":44,"column":23},"end":{"line":44,"column":30}},"loc":{"start":{"line":44,"column":61},"end":{"line":54,"column":null}}},"7":{"name":"(anonymous_15)","decl":{"start":{"line":44,"column":61},"end":{"line":44,"column":null}},"loc":{"start":{"line":44,"column":61},"end":{"line":54,"column":1}}},"8":{"name":"(anonymous_16)","decl":{"start":{"line":56,"column":26},"end":{"line":56,"column":33}},"loc":{"start":{"line":56,"column":64},"end":{"line":64,"column":null}}},"9":{"name":"(anonymous_17)","decl":{"start":{"line":56,"column":64},"end":{"line":56,"column":null}},"loc":{"start":{"line":56,"column":64},"end":{"line":64,"column":1}}}},"branchMap":{"0":{"loc":{"start":{"line":10,"column":8},"end":{"line":14,"column":null}},"type":"if","locations":[{"start":{"line":10,"column":8},"end":{"line":14,"column":null}}]}},"s":{"0":1,"1":1,"2":1,"3":1,"4":1,"5":1,"6":0,"7":1,"8":1,"9":1,"10":0,"11":0,"12":0,"13":0,"14":0,"15":1,"16":1,"17":1,"18":1,"19":1,"20":1,"21":1,"22":1,"23":1,"24":0,"25":0,"26":0,"27":0,"28":0,"29":0,"30":1,"31":1,"32":0,"33":0,"34":0,"35":0,"36":0,"37":1},"f":{"0":1,"1":1,"2":0,"3":0,"4":1,"5":1,"6":0,"7":0,"8":0,"9":0},"b":{"0":[0]}}
,"C:\\Users\\Osman Pérez\\Desktop\\Gestion_de_tareas_TS\\src\\db\\connection.ts": {"path":"C:\\Users\\Osman Pérez\\Desktop\\Gestion_de_tareas_TS\\src\\db\\connection.ts","statementMap":{"0":{"start":{"line":1,"column":0},"end":{"line":1,"column":71}},"1":{"start":{"line":2,"column":0},"end":{"line":2,"column":56}},"2":{"start":{"line":6,"column":0},"end":{"line":8,"column":3}},"3":{"start":{"line":11,"column":11},"end":{"line":11,"column":25}},"4":{"start":{"line":13,"column":0},"end":{"line":13,"column":18}}},"fnMap":{},"branchMap":{},"s":{"0":1,"1":1,"2":1,"3":1,"4":1},"f":{},"b":{}}
,"C:\\Users\\Osman Pérez\\Desktop\\Gestion_de_tareas_TS\\src\\helpers\\db-validator.ts": {"path":"C:\\Users\\Osman Pérez\\Desktop\\Gestion_de_tareas_TS\\src\\helpers\\db-validator.ts","statementMap":{"0":{"start":{"line":1,"column":0},"end":{"line":1,"column":34}},"1":{"start":{"line":4,"column":27},"end":{"line":12,"column":null}},"2":{"start":{"line":4,"column":45},"end":{"line":12,"column":null}},"3":{"start":{"line":6,"column":23},"end":{"line":6,"column":52}},"4":{"start":{"line":7,"column":16},"end":{"line":7,"column":38}},"5":{"start":{"line":9,"column":4},"end":{"line":11,"column":null}},"6":{"start":{"line":10,"column":8},"end":{"line":10,"column":46}},"7":{"start":{"line":4,"column":13},"end":{"line":4,"column":27}}},"fnMap":{"0":{"name":"(anonymous_8)","decl":{"start":{"line":4,"column":27},"end":{"line":4,"column":34}},"loc":{"start":{"line":4,"column":45},"end":{"line":12,"column":null}}},"1":{"name":"(anonymous_9)","decl":{"start":{"line":4,"column":45},"end":{"line":4,"column":null}},"loc":{"start":{"line":4,"column":45},"end":{"line":12,"column":1}}}},"branchMap":{"0":{"loc":{"start":{"line":4,"column":34},"end":{"line":4,"column":41}},"type":"default-arg","locations":[{"start":{"line":4,"column":39},"end":{"line":4,"column":41}}]},"1":{"loc":{"start":{"line":9,"column":4},"end":{"line":11,"column":null}},"type":"if","locations":[{"start":{"line":9,"column":4},"end":{"line":11,"column":null}}]}},"s":{"0":1,"1":1,"2":0,"3":0,"4":0,"5":0,"6":0,"7":1},"f":{"0":0,"1":0},"b":{"0":[0],"1":[0]}}
,"C:\\Users\\Osman Pérez\\Desktop\\Gestion_de_tareas_TS\\src\\helpers\\validate-task.ts": {"path":"C:\\Users\\Osman Pérez\\Desktop\\Gestion_de_tareas_TS\\src\\helpers\\validate-task.ts","statementMap":{"0":{"start":{"line":3,"column":30},"end":{"line":15,"column":1}},"1":{"start":{"line":4,"column":33},"end":{"line":4,"column":60}},"2":{"start":{"line":6,"column":4},"end":{"line":13,"column":null}},"3":{"start":{"line":7,"column":8},"end":{"line":7,"column":46}},"4":{"start":{"line":10,"column":9},"end":{"line":13,"column":null}},"5":{"start":{"line":11,"column":8},"end":{"line":11,"column":45}},"6":{"start":{"line":14,"column":4},"end":{"line":14,"column":16}},"7":{"start":{"line":3,"column":13},"end":{"line":3,"column":30}}},"fnMap":{"0":{"name":"(anonymous_0)","decl":{"start":{"line":3,"column":30},"end":{"line":3,"column":31}},"loc":{"start":{"line":3,"column":51},"end":{"line":15,"column":1}}}},"branchMap":{"0":{"loc":{"start":{"line":3,"column":31},"end":{"line":3,"column":47}},"type":"default-arg","locations":[{"start":{"line":3,"column":45},"end":{"line":3,"column":47}}]},"1":{"loc":{"start":{"line":6,"column":4},"end":{"line":13,"column":null}},"type":"if","locations":[{"start":{"line":6,"column":4},"end":{"line":13,"column":null}},{"start":{"line":10,"column":9},"end":{"line":13,"column":null}}]},"2":{"loc":{"start":{"line":10,"column":9},"end":{"line":13,"column":null}},"type":"if","locations":[{"start":{"line":10,"column":9},"end":{"line":13,"column":null}}]}},"s":{"0":1,"1":0,"2":0,"3":0,"4":0,"5":0,"6":0,"7":1},"f":{"0":0},"b":{"0":[0],"1":[0,0],"2":[0]}}
,"C:\\Users\\Osman Pérez\\Desktop\\Gestion_de_tareas_TS\\src\\middlewares\\validator.ts": {"path":"C:\\Users\\Osman Pérez\\Desktop\\Gestion_de_tareas_TS\\src\\middlewares\\validator.ts","statementMap":{"0":{"start":{"line":1,"column":0},"end":{"line":1,"column":53}},"1":{"start":{"line":6,"column":29},"end":{"line":13,"column":1}},"2":{"start":{"line":7,"column":19},"end":{"line":7,"column":40}},"3":{"start":{"line":8,"column":4},"end":{"line":10,"column":null}},"4":{"start":{"line":9,"column":8},"end":{"line":9,"column":44}},"5":{"start":{"line":12,"column":4},"end":{"line":12,"column":11}},"6":{"start":{"line":6,"column":13},"end":{"line":6,"column":29}}},"fnMap":{"0":{"name":"(anonymous_0)","decl":{"start":{"line":6,"column":29},"end":{"line":6,"column":30}},"loc":{"start":{"line":6,"column":81},"end":{"line":13,"column":1}}}},"branchMap":{"0":{"loc":{"start":{"line":8,"column":4},"end":{"line":10,"column":null}},"type":"if","locations":[{"start":{"line":8,"column":4},"end":{"line":10,"column":null}}]}},"s":{"0":1,"1":1,"2":2,"3":2,"4":1,"5":1,"6":1},"f":{"0":2},"b":{"0":[1]}}
,"C:\\Users\\Osman Pérez\\Desktop\\Gestion_de_tareas_TS\\src\\models\\server.ts": {"path":"C:\\Users\\Osman Pérez\\Desktop\\Gestion_de_tareas_TS\\src\\models\\server.ts","statementMap":{"0":{"start":{"line":1,"column":0},"end":{"line":1,"column":47}},"1":{"start":{"line":2,"column":0},"end":{"line":2,"column":41}},"2":{"start":{"line":3,"column":0},"end":{"line":3,"column":24}},"3":{"start":{"line":11,"column":12},"end":{"line":13,"column":null}},"4":{"start":{"line":16,"column":8},"end":{"line":16,"column":29}},"5":{"start":{"line":17,"column":8},"end":{"line":17,"column":47}},"6":{"start":{"line":21,"column":8},"end":{"line":21,"column":27}},"7":{"start":{"line":24,"column":8},"end":{"line":24,"column":22}},"8":{"start":{"line":30,"column":8},"end":{"line":30,"column":31}},"9":{"start":{"line":33,"column":8},"end":{"line":33,"column":39}},"10":{"start":{"line":40,"column":8},"end":{"line":40,"column":55}},"11":{"start":{"line":44,"column":8},"end":{"line":46,"column":11}},"12":{"start":{"line":45,"column":12},"end":{"line":45,"column":69}},"13":{"start":{"line":50,"column":0},"end":{"line":50,"column":22}}},"fnMap":{"0":{"name":"(anonymous_1)","decl":{"start":{"line":15,"column":4},"end":{"line":15,"column":null}},"loc":{"start":{"line":15,"column":4},"end":{"line":25,"column":5}}},"1":{"name":"(anonymous_2)","decl":{"start":{"line":28,"column":4},"end":{"line":28,"column":15}},"loc":{"start":{"line":28,"column":15},"end":{"line":36,"column":5}}},"2":{"name":"(anonymous_3)","decl":{"start":{"line":39,"column":4},"end":{"line":39,"column":10}},"loc":{"start":{"line":39,"column":10},"end":{"line":41,"column":5}}},"3":{"name":"(anonymous_4)","decl":{"start":{"line":43,"column":4},"end":{"line":43,"column":10}},"loc":{"start":{"line":43,"column":10},"end":{"line":47,"column":5}}},"4":{"name":"(anonymous_5)","decl":{"start":{"line":44,"column":36},"end":{"line":44,"column":38}},"loc":{"start":{"line":44,"column":40},"end":{"line":46,"column":9}}}},"branchMap":{"0":{"loc":{"start":{"line":17,"column":20},"end":{"line":17,"column":46}},"type":"binary-expr","locations":[{"start":{"line":17,"column":20},"end":{"line":17,"column":36}},{"start":{"line":17,"column":40},"end":{"line":17,"column":46}}]}},"s":{"0":1,"1":1,"2":1,"3":1,"4":1,"5":1,"6":1,"7":1,"8":1,"9":1,"10":1,"11":0,"12":0,"13":1},"f":{"0":1,"1":1,"2":1,"3":0,"4":0},"b":{"0":[1,0]}}
,"C:\\Users\\Osman Pérez\\Desktop\\Gestion_de_tareas_TS\\src\\models\\task.ts": {"path":"C:\\Users\\Osman Pérez\\Desktop\\Gestion_de_tareas_TS\\src\\models\\task.ts","statementMap":{"0":{"start":{"line":1,"column":0},"end":{"line":1,"column":34}},"1":{"start":{"line":5,"column":2},"end":{"line":5,"column":25}},"2":{"start":{"line":6,"column":2},"end":{"line":6,"column":22}},"3":{"start":{"line":7,"column":2},"end":{"line":7,"column":27}},"4":{"start":{"line":8,"column":2},"end":{"line":8,"column":42}},"5":{"start":{"line":9,"column":2},"end":{"line":9,"column":29}},"6":{"start":{"line":10,"column":2},"end":{"line":10,"column":29}},"7":{"start":{"line":17,"column":4},"end":{"line":17,"column":25}},"8":{"start":{"line":18,"column":4},"end":{"line":18,"column":35}},"9":{"start":{"line":19,"column":4},"end":{"line":19,"column":47}},"10":{"start":{"line":23,"column":4},"end":{"line":34,"column":null}},"11":{"start":{"line":24,"column":21},"end":{"line":24,"column":54}},"12":{"start":{"line":25,"column":22},"end":{"line":28,"column":9}},"13":{"start":{"line":25,"column":47},"end":{"line":27,"column":null}},"14":{"start":{"line":30,"column":6},"end":{"line":30,"column":21}},"15":{"start":{"line":32,"column":6},"end":{"line":32,"column":25}},"16":{"start":{"line":33,"column":6},"end":{"line":33,"column":51}},"17":{"start":{"line":38,"column":4},"end":{"line":50,"column":null}},"18":{"start":{"line":39,"column":21},"end":{"line":39,"column":62}},"19":{"start":{"line":41,"column":19},"end":{"line":43,"column":null}},"20":{"start":{"line":46,"column":6},"end":{"line":46,"column":21}},"21":{"start":{"line":48,"column":6},"end":{"line":48,"column":25}},"22":{"start":{"line":49,"column":6},"end":{"line":49,"column":51}},"23":{"start":{"line":54,"column":4},"end":{"line":66,"column":null}},"24":{"start":{"line":55,"column":6},"end":{"line":62,"column":9}},"25":{"start":{"line":64,"column":6},"end":{"line":64,"column":25}},"26":{"start":{"line":65,"column":6},"end":{"line":65,"column":51}},"27":{"start":{"line":70,"column":4},"end":{"line":80,"column":null}},"28":{"start":{"line":71,"column":6},"end":{"line":76,"column":9}},"29":{"start":{"line":78,"column":6},"end":{"line":78,"column":25}},"30":{"start":{"line":79,"column":6},"end":{"line":79,"column":55}},"31":{"start":{"line":84,"column":4},"end":{"line":89,"column":null}},"32":{"start":{"line":85,"column":6},"end":{"line":85,"column":51}},"33":{"start":{"line":87,"column":6},"end":{"line":87,"column":25}},"34":{"start":{"line":88,"column":6},"end":{"line":88,"column":55}},"35":{"start":{"line":93,"column":0},"end":{"line":93,"column":28}}},"fnMap":{"0":{"name":"(anonymous_8)","decl":{"start":{"line":12,"column":2},"end":{"line":12,"column":null}},"loc":{"start":{"line":15,"column":23},"end":{"line":20,"column":3}}},"1":{"name":"(anonymous_9)","decl":{"start":{"line":22,"column":8},"end":{"line":22,"column":16}},"loc":{"start":{"line":22,"column":16},"end":{"line":35,"column":null}}},"2":{"name":"(anonymous_11)","decl":{"start":{"line":25,"column":38},"end":{"line":25,"column":39}},"loc":{"start":{"line":25,"column":47},"end":{"line":27,"column":null}}},"3":{"name":"(anonymous_12)","decl":{"start":{"line":37,"column":8},"end":{"line":37,"column":15}},"loc":{"start":{"line":37,"column":26},"end":{"line":51,"column":null}}},"4":{"name":"(anonymous_14)","decl":{"start":{"line":53,"column":8},"end":{"line":53,"column":15}},"loc":{"start":{"line":53,"column":15},"end":{"line":67,"column":null}}},"5":{"name":"(anonymous_16)","decl":{"start":{"line":69,"column":8},"end":{"line":69,"column":18}},"loc":{"start":{"line":69,"column":29},"end":{"line":81,"column":null}}},"6":{"name":"(anonymous_18)","decl":{"start":{"line":83,"column":8},"end":{"line":83,"column":18}},"loc":{"start":{"line":83,"column":29},"end":{"line":90,"column":null}}}},"branchMap":{"0":{"loc":{"start":{"line":13,"column":4},"end":{"line":13,"column":23}},"type":"default-arg","locations":[{"start":{"line":13,"column":21},"end":{"line":13,"column":23}}]},"1":{"loc":{"start":{"line":14,"column":4},"end":{"line":14,"column":28}},"type":"default-arg","locations":[{"start":{"line":14,"column":26},"end":{"line":14,"column":28}}]},"2":{"loc":{"start":{"line":19,"column":18},"end":{"line":19,"column":46}},"type":"binary-expr","locations":[{"start":{"line":19,"column":18},"end":{"line":19,"column":24}},{"start":{"line":19,"column":24},"end":{"line":19,"column":46}}]}},"s":{"0":1,"1":2,"2":2,"3":2,"4":2,"5":2,"6":2,"7":2,"8":2,"9":2,"10":1,"11":1,"12":1,"13":6,"14":1,"15":0,"16":0,"17":0,"18":0,"19":0,"20":0,"21":0,"22":0,"23":1,"24":1,"25":0,"26":0,"27":0,"28":0,"29":0,"30":0,"31":0,"32":0,"33":0,"34":0,"35":1},"f":{"0":2,"1":1,"2":6,"3":0,"4":1,"5":0,"6":0},"b":{"0":[1],"1":[1],"2":[2,2]}}
,"C:\\Users\\Osman Pérez\\Desktop\\Gestion_de_tareas_TS\\src\\routes\\task.ts": {"path":"C:\\Users\\Osman Pérez\\Desktop\\Gestion_de_tareas_TS\\src\\routes\\task.ts","statementMap":{"0":{"start":{"line":1,"column":0},"end":{"line":1,"column":33}},"1":{"start":{"line":2,"column":0},"end":{"line":2,"column":42}},"2":{"start":{"line":3,"column":0},"end":{"line":3,"column":86}},"3":{"start":{"line":4,"column":0},"end":{"line":4,"column":57}},"4":{"start":{"line":5,"column":0},"end":{"line":5,"column":54}},"5":{"start":{"line":6,"column":0},"end":{"line":6,"column":58}},"6":{"start":{"line":10,"column":15},"end":{"line":10,"column":23}},"7":{"start":{"line":13,"column":0},"end":{"line":13,"column":26}},"8":{"start":{"line":15,"column":0},"end":{"line":17,"column":25}},"9":{"start":{"line":19,"column":0},"end":{"line":21,"column":26}},"10":{"start":{"line":23,"column":0},"end":{"line":29,"column":12}},"11":{"start":{"line":31,"column":0},"end":{"line":33,"column":28}},"12":{"start":{"line":37,"column":0},"end":{"line":37,"column":22}}},"fnMap":{},"branchMap":{},"s":{"0":1,"1":1,"2":1,"3":1,"4":1,"5":1,"6":1,"7":1,"8":1,"9":1,"10":1,"11":1,"12":1},"f":{},"b":{}}
}
