TN:
SF:src\app.ts
FNF:0
FNH:0
DA:1,1
DA:2,1
DA:5,1
DA:7,1
DA:8,1
DA:10,1
DA:11,0
DA:14,1
LF:8
LH:7
BRDA:8,0,0,1
BRDA:8,0,1,0
BRDA:10,1,0,0
BRF:3
BRH:1
end_of_record
TN:
SF:src\controller\task.ts
FN:5,(anonymous_8)
FN:5,(anonymous_9)
FN:21,(anonymous_10)
FN:21,(anonymous_11)
FN:31,(anonymous_12)
FN:31,(anonymous_13)
FN:44,(anonymous_14)
FN:44,(anonymous_15)
FN:56,(anonymous_16)
FN:56,(anonymous_17)
FNF:10
FNH:4
FNDA:1,(anonymous_8)
FNDA:1,(anonymous_9)
FNDA:0,(anonymous_10)
FNDA:0,(anonymous_11)
FNDA:1,(anonymous_12)
FNDA:1,(anonymous_13)
FNDA:0,(anonymous_14)
FNDA:0,(anonymous_15)
FNDA:0,(anonymous_16)
FNDA:0,(anonymous_17)
DA:2,1
DA:5,1
DA:7,1
DA:8,1
DA:10,1
DA:11,0
DA:16,1
DA:21,1
DA:22,0
DA:24,0
DA:25,0
DA:27,0
DA:31,1
DA:32,1
DA:33,1
DA:35,1
DA:37,1
DA:44,1
DA:45,0
DA:46,0
DA:48,0
DA:49,0
DA:51,0
DA:56,1
DA:57,0
DA:59,0
DA:60,0
DA:63,0
LF:28
LH:14
BRDA:10,0,0,0
BRF:1
BRH:0
end_of_record
TN:
SF:src\db\connection.ts
FNF:0
FNH:0
DA:1,1
DA:2,1
DA:6,1
DA:11,1
DA:13,1
LF:5
LH:5
BRF:0
BRH:0
end_of_record
TN:
SF:src\helpers\db-validator.ts
FN:4,(anonymous_8)
FN:4,(anonymous_9)
FNF:2
FNH:0
FNDA:0,(anonymous_8)
FNDA:0,(anonymous_9)
DA:1,1
DA:4,1
DA:6,0
DA:7,0
DA:9,0
DA:10,0
LF:6
LH:2
BRDA:4,0,0,0
BRDA:9,1,0,0
BRF:2
BRH:0
end_of_record
TN:
SF:src\helpers\validate-task.ts
FN:3,(anonymous_0)
FNF:1
FNH:0
FNDA:0,(anonymous_0)
DA:3,1
DA:4,0
DA:6,0
DA:7,0
DA:10,0
DA:11,0
DA:14,0
LF:7
LH:1
BRDA:3,0,0,0
BRDA:6,1,0,0
BRDA:6,1,1,0
BRDA:10,2,0,0
BRF:4
BRH:0
end_of_record
TN:
SF:src\middlewares\validator.ts
FN:6,(anonymous_0)
FNF:1
FNH:1
FNDA:2,(anonymous_0)
DA:1,1
DA:6,1
DA:7,2
DA:8,2
DA:9,1
DA:12,1
LF:6
LH:6
BRDA:8,0,0,1
BRF:1
BRH:1
end_of_record
TN:
SF:src\models\server.ts
FN:15,(anonymous_1)
FN:28,(anonymous_2)
FN:39,(anonymous_3)
FN:43,(anonymous_4)
FN:44,(anonymous_5)
FNF:5
FNH:3
FNDA:1,(anonymous_1)
FNDA:1,(anonymous_2)
FNDA:1,(anonymous_3)
FNDA:0,(anonymous_4)
FNDA:0,(anonymous_5)
DA:1,1
DA:2,1
DA:3,1
DA:11,1
DA:16,1
DA:17,1
DA:21,1
DA:24,1
DA:30,1
DA:33,1
DA:40,1
DA:44,0
DA:45,0
DA:50,1
LF:14
LH:12
BRDA:17,0,0,1
BRDA:17,0,1,0
BRF:2
BRH:1
end_of_record
TN:
SF:src\models\task.ts
FN:12,(anonymous_8)
FN:22,(anonymous_9)
FN:25,(anonymous_11)
FN:37,(anonymous_12)
FN:53,(anonymous_14)
FN:69,(anonymous_16)
FN:83,(anonymous_18)
FNF:7
FNH:4
FNDA:2,(anonymous_8)
FNDA:1,(anonymous_9)
FNDA:6,(anonymous_11)
FNDA:0,(anonymous_12)
FNDA:1,(anonymous_14)
FNDA:0,(anonymous_16)
FNDA:0,(anonymous_18)
DA:1,1
DA:5,2
DA:6,2
DA:7,2
DA:8,2
DA:9,2
DA:10,2
DA:17,2
DA:18,2
DA:19,2
DA:23,1
DA:24,1
DA:25,6
DA:30,1
DA:32,0
DA:33,0
DA:38,0
DA:39,0
DA:41,0
DA:46,0
DA:48,0
DA:49,0
DA:54,1
DA:55,1
DA:64,0
DA:65,0
DA:70,0
DA:71,0
DA:78,0
DA:79,0
DA:84,0
DA:85,0
DA:87,0
DA:88,0
DA:93,1
LF:35
LH:17
BRDA:13,0,0,1
BRDA:14,1,0,1
BRDA:19,2,0,2
BRDA:19,2,1,2
BRF:4
BRH:4
end_of_record
TN:
SF:src\routes\task.ts
FNF:0
FNH:0
DA:1,1
DA:2,1
DA:3,1
DA:4,1
DA:5,1
DA:6,1
DA:10,1
DA:13,1
DA:15,1
DA:19,1
DA:23,1
DA:31,1
DA:37,1
LF:13
LH:13
BRF:0
BRH:0
end_of_record
